Tue Oct 24 23:39:46 2023       
+-----------------------------------------------------------------------------+
| NVIDIA-SMI 525.105.17   Driver Version: 525.105.17   CUDA Version: 12.0     |
|-------------------------------+----------------------+----------------------+
| GPU  Name        Persistence-M| Bus-Id        Disp.A | Volatile Uncorr. ECC |
| Fan  Temp  Perf  Pwr:Usage/Cap|         Memory-Usage | GPU-Util  Compute M. |
|                               |                      |               MIG M. |
|===============================+======================+======================|
|   0  NVIDIA A100-SXM...  On   | 00000000:03:00.0 Off |                    0 |
| N/A   27C    P0    58W / 500W |      0MiB / 81920MiB |      0%      Default |
|                               |                      |             Disabled |
+-------------------------------+----------------------+----------------------+
|   1  NVIDIA A100-SXM...  On   | 00000000:41:00.0 Off |                    0 |
| N/A   26C    P0    58W / 500W |      0MiB / 81920MiB |      0%      Default |
|                               |                      |             Disabled |
+-------------------------------+----------------------+----------------------+
|   2  NVIDIA A100-SXM...  On   | 00000000:82:00.0 Off |                    0 |
| N/A   27C    P0    60W / 500W |      0MiB / 81920MiB |      0%      Default |
|                               |                      |             Disabled |
+-------------------------------+----------------------+----------------------+
|   3  NVIDIA A100-SXM...  On   | 00000000:C1:00.0 Off |                    0 |
| N/A   26C    P0    62W / 500W |      0MiB / 81920MiB |      0%      Default |
|                               |                      |             Disabled |
+-------------------------------+----------------------+----------------------+
                                                                               
+-----------------------------------------------------------------------------+
| Processes:                                                                  |
|  GPU   GI   CI        PID   Type   Process name                  GPU Memory |
|        ID   ID                                                   Usage      |
|=============================================================================|
|  No running processes found                                                 |
+-----------------------------------------------------------------------------+
Warning: This is an experimental release of NCCL with an OFI plugin for use with libfabric on Perlmutter.
In case of issues, please refer to our known issues: https://docs.nersc.gov/current/
and open a help ticket if your issue is not listed: https://help.nersc.gov/
sharmaarushi17
Found cached dataset csv (/pscratch/sd/s/sharma21/hf/datasets/sharmaarushi17___csv/sharmaarushi17--HPCPerfOpt-MCQA-17da64045b41ee2a/0.0.0/eea64c71ca8b46dd3f537ed218fc9bf495d5707789152eb2764f5c78fa66d59d)

===================================BUG REPORT===================================
Welcome to bitsandbytes. For bug reports, please run

python -m bitsandbytes

 and submit this information together with your error trace to: https://github.com/TimDettmers/bitsandbytes/issues
================================================================================
CUDA SETUP: CUDA runtime path found: /opt/nvidia/hpc_sdk/Linux_x86_64/22.7/cuda/11.7/lib64/libcudart.so
CUDA SETUP: Highest compute capability among GPUs detected: 8.0
CUDA SETUP: Detected CUDA version 117
CUDA SETUP: Loading binary /global/homes/s/sharma21/.local/perlmutter/pytorch2.0.1/lib/python3.9/site-packages/bitsandbytes/libbitsandbytes_cuda117.so...
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
  0%|          | 0/1 [00:00<?, ?it/s]100%|██████████| 1/1 [00:00<00:00, 296.33it/s]
DatasetDict({
    train: Dataset({
        features: ['Index', 'Topic /Type of Performance Issue', 'Context', 'Text (optional)', 'Code (optional)', 'Machine Information (optional)', 'Profiling Information(optional)', 'Question Type', 'Question', 'startphrase (context + question)', 'ending0', 'ending1', 'ending2', 'ending3', 'Answer', 'Source'],
        num_rows: 139
    })
})
2 #include <stdio.h>\n#include <string.h>\n#include <math.h>\n#include <stdlib.h>\n#include <omp.h>\n//#define NUM_THREAD 4\n#define OPEN\n\nFILE *fp;\n\n//Structure to hold a node information\nstruct Node\n{\n\tint starting;\n\tint no_of_edges;\n};\n\nvoid BFSGraph(int argc, char** argv);\n\nvoid Usage(int argc, char**argv){\n\nfprintf(stderr,"Usage: %s <num_threads> <input_file>\\n", argv[0]);\n\n}\nint main( int argc, char** argv) \n{\n\tBFSGraph( argc, argv);\n}\nvoid BFSGraph( int argc, char** argv) \n{\n\tint no_of_nodes = 0;\n\tint edge_list_size = 0;\n\tchar *input_f;\n\tint\t num_omp_threads;\n\t\n\tif(argc!=3){\n\tUsage(argc, argv);\n\texit(0);\n\t}\n\t\n\tnum_omp_threads = atoi(argv[1]);\n\tinput_f = argv[2];\n\t\n\tprintf("Reading File\\n");\n\t//Read in Graph from a file\n\tfp = fopen(input_f,"r");\n\tif(!fp)\n\t{\n\t\tprintf("Error Reading graph file\\n");\n\t\treturn;\n\t}\n\n\tint source = 0;\n\n\tfscanf(fp,"%d",&no_of_nodes);\n   \n\t// allocate host memory\n\tNode* h_graph_nodes = (Node*) malloc(sizeof(Node)*no_of_nodes);\n\tbool *h_graph_mask = (bool*) malloc(sizeof(bool)*no_of_nodes);\n\tbool *h_updating_graph_mask = (bool*) malloc(sizeof(bool)*no_of_nodes);\n\tbool *h_graph_visited = (bool*) malloc(sizeof(bool)*no_of_nodes);\n\n\tint start, edgeno;   \n\t// initalize the memory\n\tfor( unsigned int i = 0; i < no_of_nodes; i++) \n\t{\n\t\tfscanf(fp,"%d %d",&start,&edgeno);\n\t\th_graph_nodes[i].starting = start;\n\t\th_graph_nodes[i].no_of_edges = edgeno;\n\t\th_graph_mask[i]=false;\n\t\th_updating_graph_mask[i]=false;\n\t\th_graph_visited[i]=false;\n\t}\n\n\t//read the source node from the file\n\tfscanf(fp,"%d",&source);\n\t// source=0; //tesing code line\n\n\t//set the source node as true in the mask\n\th_graph_mask[source]=true;\n\th_graph_visited[source]=true;\n\n\tfscanf(fp,"%d",&edge_list_size);\n\n\tint id,cost;\n\tint* h_graph_edges = (int*) malloc(sizeof(int)*edge_list_size);\n\tfor(int i=0; i < edge_list_size ; i++)\n\t{\n\t\tfscanf(fp,"%d",&id);\n\t\tfscanf(fp,"%d",&cost);\n\t\th_graph_edges[i] = id;\n\t}\n\n\tif(fp)\n\t\tfclose(fp);    \n\n\n\t// allocate mem for the result on host side\n\tint* h_cost = (int*) malloc( sizeof(int)*no_of_nodes);\n\tfor(int i=0;i<no_of_nodes;i++)\n\t\th_cost[i]=-1;\n\th_cost[source]=0;\n\t\n\tprintf("Start traversing the tree\\n");\n\t\n\tint k=0;\n#ifdef OPEN\n        double start_time = omp_get_wtime();\n#ifdef OMP_OFFLOAD\n#pragma omp target data map(to: no_of_nodes, h_graph_mask[0:no_of_nodes], h_graph_nodes[0:no_of_nodes], h_graph_edges[0:edge_list_size], h_graph_visited[0:no_of_nodes], h_updating_graph_mask[0:no_of_nodes]) map(h_cost[0:no_of_nodes])\n        {\n#endif \n#endif\n\tbool stop;\n\tdo\n        {\n            //if no thread changes this value then the loop stops\n            stop=false;\n\n#ifdef OPEN\n            //omp_set_num_threads(num_omp_threads);\n    #ifdef OMP_OFFLOAD\n    #pragma omp target\n    #endif\n    #pragma omp parallel for \n#endif \n            for(int tid = 0; tid < no_of_nodes; tid++ )\n            {\n                if (h_graph_mask[tid] == true){ \n                    h_graph_mask[tid]=false;\n                    for(int i=h_graph_nodes[tid].starting; i<(h_graph_nodes[tid].no_of_edges + h_graph_nodes[tid].starting); i++)\n
Generate 10 OpenMP performance optimization multiple choice questions based on the given code snippet? The generated questions should be in json format with fields Question :<generated question>, Answer: <Solution to the generated question A, B, C or D>
[
{"Question" : "How many threads does the program make available for the execution?", "Answer": "B",
 "Options" : {"A" : "Threads are not defined by the program", "B" : "Number of threads are passed as a parameter when executing the program", "C" : "4 threads are assigned by default", "D" : "The program uses a single thread"}},
      
{"Question" : "What happens if the number of threads is not specified in the command line argument?", "Answer": "C",
 "Options" : {"A" : "The program will still run with 4 threads", "B" : "The program will run with a single thread", "C" : "The program will exit and print usage", "D" : "The program will crash"}},

{"Question" : "What is the purpose of the `#pragma omp parallel for` directive in the program?", "Answer": "A",
 "Options" : {"A" : "To distribute iterations of the following for loop across multiple threads", "B" : "To create a single thread", "C" : "To restrict the number of threads to 4", "D" : "To ensure thread safety when accessing shared variables"}},

{"Question" : "What does the `omp_get_wtime()` function do in the program?", "Answer": "A",
 "Options" : {"A" : "Return the current value of the time in seconds since some arbitrary time in the past", "B" : "Used to set the number of threads", "C" : "Returns the thread count", "D" : "Not used in the provided code"}},

{"Question" : "What is the role of the `bool stop;` variable in the given code?", "Answer": "D",
 "Options" : {"A" : "To stop the execution of threads", "B" : "Used as a return value for the main function", "C" : "To stop the OpenMP parallel region", "D" : "Used to control the loop until there is no further nodes to process"}},

{"Question" : "What does `#pragma omp target` imply in an OpenMP program?", "Answer": "A",
 "Options" : {"A" : "It offloads the execution of the following code region to a target device", "B" : "It ensures thread safety for following code", "C" : "Indicates a parallel region", "D" : "It’s related to exception handling"}},

{"Question" : "In `#pragma omp target data map(...)`, what does the `map` clause do?", "Answer": "C",
 "Options" : {"A" : "Allocates memory for variables on a target device", "B" : "Maps functions to parallel threads", "C" : "Defines how data is moved from the original location to the device", "D" : "Defines mapping of threads to multi-core processors"}},

{"Question" : "What is the purpose of `#ifdef OPEN` and `#ifdef OMP_OFFLOAD` statements in this code?", "Answer": "B",
 "Options" : {"A" : "They are functions that handle OpenMP errors", "B" : "They conditionally compile different parts of the code based on whether OPEN and OMP_OFFLOAD are defined or not", "C" : "They are used to run the loop in parallel", "D" : "They are used for exception handling"}},

{"Question" : "What does the variable `h_graph_mask` represent in the program?", "Answer": "A",
 "Options" : {"A" : "It is a boolean array marking which nodes are currently active", "B" : "It is used to count the number of nodes", "C" : "It marks which nodes have been visited", "D" : "It holds the cost from the source to each node"}},

{"Question" : "What is the purpose of the `fscanf` function in this code?", "Answer": "A",
 "Options" : {"A" : "It is used to read the input from the file", "B" : "Used to write to the console", "C" : "Used to initialize the array", "D" : "Used to open the input file"}}
]
Generate OpenMP performance optimization questions based on the provided code. The questions should be based on advanced OpenMP conceptts with an answer 'Yes' or 'No'?
1. Can the atomic construct in OpenMP be used to prevent data races on the "stop" variable? 
   Answer: Yes

2. Is the 'schedule' clause being used in the omp parallel for directive in the given code to control the iteration scheduling of the for loop? 
   Answer: No

3. Is the 'pragma omp parallel for' directive being used in the code to parallelize the 'for' loop across the OpenMP threads?  
   Answer: Yes

4. Is the given code using OpenMP's 'omp_get_wtime' function to measure the execution time of the parallel section in the OpenMP code? 
   Answer: Yes

5. Is it possible to avoid false sharing, in this code, by employing a private 'stop' variable for each thread and then accumulating the results synchronously?
   Answer: Yes

6. Is the OpenMP 'task' directive used in the given code for creating a task that will be executed by some thread in the team?
   Answer: No

7. Is 'omp_set_num_threads' used in the code to set the number of threads in the parallel sections that follow?
   Answer: No

8. Does the code take advantage of OpenMP's data sharing attribute 'reduction' for the 'stop' variable?
   Answer: No

9. Does the code take advantage of nested parallelism by using 'pragma omp parallel' inside another 'pragma omp parallel' section?
   Answer: No

10. Is the OpenMP 'critical' directive used in the provided code to specify a section of the code that must be executed by a single thread at a time?
    Answer: No

11. Is the code using OpenMP's 'omp_target' construct to offload computation to a device?
    Answer: Yes
Considering the code snippet above, can you create an open-ended question about optimizing the code for best performance using OpenMP?
What strategies could be implemented to optimize this code for better performance using OpenMP, considering factors such as parallelization, load balancing, data locality, and reduction of synchronization overheads?
11 /******************************************************************************/\n/*IMPORTANT:  READ BEFORE DOWNLOADING, COPYING, INSTALLING OR USING.         */\n/*By downloading, copying, installing or using the software you agree        */\n/*to this license.  If you do not agree to this license, do not download,    */\n/*install, copy or use the software.                                         */\n/*                                                                           */\n/*                                                                           */\n/*Copyright (c) 2005 Northwestern University                                 */\n/*All rights reserved.                                                       */\n\n/*Redistribution of the software in source and binary forms,                 */\n/*with or without modification, is permitted provided that the               */\n/*following conditions are met:                                              */\n/*                                                                           */\n/*1       Redistributions of source code must retain the above copyright     */\n/*        notice, this list of conditions and the following disclaimer.      */\n/*                                                                           */\n/*2       Redistributions in binary form must reproduce the above copyright   */\n/*        notice, this list of conditions and the following disclaimer in the */\n/*        documentation and/or other materials provided with the distribution.*/ \n/*                                                                            */\n/*3       Neither the name of Northwestern University nor the names of its    */\n/*        contributors may be used to endorse or promote products derived     */\n/*        from this software without specific prior written permission.       */\n/*                                                                            */\n/*THIS SOFTWARE IS PROVIDED BY THE COPYRIGHT HOLDERS AND CONTRIBUTORS ``AS    */\n/*IS'' AND ANY EXPRESS OR IMPLIED WARRANTIES, INCLUDING, BUT NOT LIMITED      */\n/*TO, THE IMPLIED WARRANTIES OF MERCHANTABILITY, NON-INFRINGEMENT AND         */\n/*FITNESS FOR A PARTICULAR PURPOSE ARE DISCLAIMED. IN NO EVENT SHALL          */\n/*NORTHWESTERN UNIVERSITY OR ITS CONTRIBUTORS BE LIABLE FOR ANY DIRECT,       */\n/*INDIRECT, INCIDENTAL, SPECIAL, EXEMPLARY, OR CONSEQUENTIAL DAMAGES          */\n/*(INCLUDING, BUT NOT LIMITED TO, PROCUREMENT OF SUBSTITUTE GOODS OR          */\n/*SERVICES; LOSS OF USE, DATA, OR PROFITS; OR BUSINESS INTERRUPTION)          */\n/*HOWEVER CAUSED AND ON ANY THEORY OF LIABILITY, WHETHER IN CONTRACT,         */\n/*STRICT LIABILITY, OR TORT (INCLUDING NEGLIGENCE OR OTHERWISE) ARISING IN    */\n/*ANY WAY OUT OF THE USE OF THIS SOFTWARE, EVEN IF ADVISED OF THE             */\n/*POSSIBILITY OF SUCH DAMAGE.                                                 */\n/******************************************************************************/\n/*************************************************************************/\n/**   File:         kmeans_clustering.c                                 **/\n/**   Description:  Implementation of regular k-means clustering        **/\n/**                 algorithm                                           **/\n/**   Author:  Wei-keng Liao                                            **/\n/**            ECE Department, Northwestern University                  **/\n/**            email: wkliao@ece.northwestern.edu                       **/\n/**                                                                     **/\n/**   Edited by: Jay Pisharath                                          **/\n/**              Northwestern University.                               **/\n/**                                                                     **/\n/**   ================================================================  **/\n/**                                                                     **/\n/**   Edited by: Sang-Ha  Lee                                           **/\n/**                 University of Virginia                              **/\n/**                                                                     **/\n/**   Description:    No longer supports fuzzy c-means clustering;     **/\n/**                     only regular k-means clustering.               **/\n/**                     Simplified for main functionality: regular k-means    **/\n/**                     clustering.                                     **/\n/**                                                                     **/\n/*************************************************************************/\n\n#include <stdio.h>\n#include <stdlib.h>\n#include <float.h>\n#include <math.h>\n#include \kmeans.h\"\n#include <omp.h>\n\n#define RANDOM_MAX 2147483647\n\n#ifndef FLT_MAX\n#define FLT_MAX 3.40282347e+38\n#endif\n\nextern double wtime(void);\n\nint find_nearest_point(float  *pt,          /* [nfeatures] */\n                       int     nfeatures,\n                       float **pts,         /* [npts][nfeatures] */\n                       int     npts)\n{\n    int index, i;\n    float min_dist=FLT_MAX;\n\n    /* find the cluster center id with min distance to pt */\n    for (i=0; i<npts; i++) {\n        float dist;\n        dist = euclid_dist_2(pt, pts[i], nfeatures);  /* no need square root */\n        if (dist < min_dist) {\n            min_dist = dist;\n            index    = i;\n        }\n    }\n    return(index);\n}\n\n/*----< euclid_dist_2() >----------------------------------------------------*/\n/* multi-dimensional spatial Euclid distance square */\n__inline\nfloat euclid_dist_2(float *pt1,\n                    float *pt2,\n                    int    numdims)\n{\n    int i;\n    float ans=0.0;\n\n    for (i=0; i<numdims; i++)\n        ans += (pt1[i]-pt2[i]) * (pt1[i]-pt2[i]);\n\n    return(ans);\n}\n\n\n/*----< kmeans_clustering() >---------------------------------------------*/\nfloat** kmeans_clustering(float **feature,    /* in: [npoints][nfeatures] */\n                          int     nfeatures,\n                          int     npoints,\n                          int     nclusters,\n                          float   threshold,\n                          int    *membership) /* out: [npoints] */\n{\n\n    int      i, j, n=0, index, loop=0;\n    int     *new_centers_len; /* [nclusters]: no. of points in each cluster */\n    float    delta;\n    float  **clusters;   /* out: [nclusters][nfeatures] */\n    float  **new_centers;     /* [nclusters][nfeatures] */\n  \n\n    /* allocate space for returning variable clusters[] */\n    clusters    = (float**) malloc(nclusters *             sizeof(float*));\n    clusters[0] = (float*)  malloc(nclusters * nfeatures * sizeof(float));\n    for (i=1; i<nclusters; i++)\n        clusters[i] = clusters[i-1] + nfeatures;\n\n    /* randomly pick cluster centers */\n    for (i=0; i<nclusters; i++) {\n        //n = (int)rand() % npoints;\n        for (j=0; j<nfeatures; j++)\n            clusters[i][j] = feature[n][j];\n\t\tn++;\n    }\n\n    for (i=0; i<npoints; i++)\n\t\tmembership[i] = -1;\n\n    /* need to initialize new_centers_len and new_centers[0] to all 0 */\n    new_centers_len = (int*) calloc(nclusters, sizeof(int));\n\n    new_centers    = (float**) malloc(nclusters *
Generate 10 OpenMP performance optimization multiple choice questions based on the given code snippet? The generated questions should be in json format with fields Question :<generated question>, Answer: <Solution to the generated question A, B, C or D>
[
  {
    "Question": "Which OpenMP directive can be used to parallelize the for loop in the function find_nearest_point()?",
    "Answer": "C. #pragma omp parallel for"
  },
  {
    "Question": "Which of the following statements does not allocate shared memory?",
    "Answer": "B. calloc(nclusters, sizeof(int))"
  },  
  {
    "Question": "What is the purpose of the '#ifndef FLT_MAX' preprocessor directive in the code?",
    "Answer": "A. Checks if FLT_MAX is already defined, if not it defines FLT_MAX"
  },
  {
    "Question": "Which of the OpenMP APIs is used for timing in this application?",
    "Answer": "D. There is no OpenMP API used for timing in the provided code"
  },
  {
    "Question": "What is the role of the rand() function in the loop 'for (i=0; i<nclusters; i++)' inside the kmeans_clustering() function?",
    "Answer": "D. The rand() function is not being used in the provided code"
  },
  {
    "Question": "What will be the effect of removing the '__inline' specification from the function euclid_dist_2()?",
    "Answer": "B. It may slightly decrease the execution speed, as function call overhead might increase"
  },
  {
    "Question": "Which data structure is used to store the cluster centers in the code?",
    "Answer": "A. 2D dynamic array called 'clusters'"
  },
  {
    "Question": "What might be a drawback of using OpenMP to parallelize the loops in the kmeans_clustering() function?",
    "Answer": "C. Possible race conditions due to write conflicts to the 'new_centers' array"
  },
  {
    "Question": "How is membership of a data point to a cluster represented in the code?",
    "Answer": "A. With an array where each data point has a corresponding index pointing to the cluster it belongs to"
  },
  {
    "Question": "What will happen if the number of data points (npoints) is less than the number of clusters (nclusters) requested?",
    "Answer": "D. The program will not produce a meaningful output and likely result in a segmentation fault"
  }
]
Generate OpenMP performance optimization questions based on the provided code. The questions should be based on advanced OpenMP conceptts with an answer 'Yes' or 'No'?
1. Question: In the provided code, does the developer implement the parallelism of the k-means algorithm using OpenMP directives? Answer: No

2. Question: Does the provided code use OpenMP tasks to parallelize the computations in the find_nearest_point function? Answer: No

3. Question: Are there any obvious data races in the provided code, which are mitigated using OpenMP's synchronization constructs such as critical sections or atomic operations? Answer: No

4. Question: Are OpenMP's work-sharing constructs, such as the parallel for directive, used directly in this code to distribute iterations of loops across different threads? Answer: No

5. Question: Does the provided code use OpenMP's reduction clause in any parallelized loop to handle a common source of data races in parallel computations? Answer: No

6. Question: In the code provided, does the developer use OpenMP's threadprivate directive to create private copies of global variables for each thread? Answer: No

7. Question: Are nested parallel regions used in this OpenMP-enabled code to create more threads where primary threads can already exist? Answer: No

8. Question: Does the provided code take advantage of OpenMP's schedule clause to manually control the distribution of iterations in parallel loops across threads? Answer: No

9. Question: Does the code make use of the OpenMP's barrier directive to synchronize all threads in a team at the point of the barrier? Answer: No

10. Question: Are any SIMD (Single Instruction, Multiple Data) directives used in the provided code to enable explicit vectorization? Answer: No.
Considering the code snippet above, can you create an open-ended question about optimizing the code for best performance using OpenMP?
Absolutely. Here's a possible question:

How can one optimize this given code snippet for best performance using OpenMP parallelism, given that some of the functions, like 'euclid_dist_2' and 'find_nearest_point', have dependency on loop iterations? And what modifications or pragma directives might be necessary to ensure proper synchronization and reduce the overhead of thread creation and termination in the parallel regions?
